0 info it worked if it ends with ok
1 verbose cli [ 'node', '/usr/local/bin/npm', 'install', '-g', 'nw' ]
2 info using npm@2.11.3
3 info using node@v0.12.7
4 verbose install initial load of /usr/local/lib/package.json
5 verbose readDependencies loading dependencies from /usr/local/lib/package.json
6 silly cache add args [ 'nw', null ]
7 verbose cache add spec nw
8 silly cache add parsed spec { raw: 'nw',
8 silly cache add   scope: null,
8 silly cache add   name: 'nw',
8 silly cache add   rawSpec: '',
8 silly cache add   spec: '*',
8 silly cache add   type: 'range' }
9 silly addNamed nw@*
10 verbose addNamed "*" is a valid semver range for nw
11 silly addNameRange { name: 'nw', range: '*', hasData: false }
12 silly mapToRegistry name nw
13 silly mapToRegistry using default registry
14 silly mapToRegistry registry https://registry.npmjs.org/
15 silly mapToRegistry uri https://registry.npmjs.org/nw
16 verbose addNameRange registry:https://registry.npmjs.org/nw not in flight; fetching
17 verbose request uri https://registry.npmjs.org/nw
18 verbose request no auth needed
19 info attempt registry request try #1 at 11:51:39
20 verbose request id d3dfaa3e23959f26
21 verbose etag "A6R8CPDL6GGY0LBUQT454KDWZ"
22 http request GET https://registry.npmjs.org/nw
23 http 304 https://registry.npmjs.org/nw
24 silly get cb [ 304,
24 silly get   { date: 'Sat, 17 Oct 2015 03:51:39 GMT',
24 silly get     via: '1.1 varnish',
24 silly get     'cache-control': 'max-age=60',
24 silly get     etag: '"A6R8CPDL6GGY0LBUQT454KDWZ"',
24 silly get     age: '10',
24 silly get     connection: 'keep-alive',
24 silly get     'x-served-by': 'cache-sjc3135-SJC',
24 silly get     'x-cache': 'HIT',
24 silly get     'x-cache-hits': '1',
24 silly get     'x-timer': 'S1445053899.172408,VS0,VE0',
24 silly get     vary: 'Accept' } ]
25 verbose etag https://registry.npmjs.org/nw from cache
26 verbose get saving nw to /Users/overkazaf/.npm/registry.npmjs.org/nw/.cache.json
27 silly addNameRange number 2 { name: 'nw', range: '*', hasData: true }
28 silly addNameRange versions [ 'nw',
28 silly addNameRange   [ '0.12.0-alpha1',
28 silly addNameRange     '0.12.0-alpha2',
28 silly addNameRange     '0.12.0-alpha3',
28 silly addNameRange     '0.12.0-rc1',
28 silly addNameRange     '0.12.0',
28 silly addNameRange     '0.12.0-1',
28 silly addNameRange     '0.12.1',
28 silly addNameRange     '0.12.2',
28 silly addNameRange     '0.12.3' ] ]
29 silly addNamed nw@0.12.3
30 verbose addNamed "0.12.3" is a plain semver version for nw
31 silly cache afterAdd nw@0.12.3
32 verbose afterAdd /Users/overkazaf/.npm/nw/0.12.3/package/package.json not in flight; writing
33 verbose afterAdd /Users/overkazaf/.npm/nw/0.12.3/package/package.json written
34 silly install resolved [ { name: 'nw',
34 silly install resolved     version: '0.12.3',
34 silly install resolved     description: 'A installer for nw.js',
34 silly install resolved     repository: { type: 'git', url: 'git://github.com/nwjs/npm-installer.git' },
34 silly install resolved     main: 'index.js',
34 silly install resolved     bin: { nw: 'bin/nw' },
34 silly install resolved     scripts:
34 silly install resolved      { postinstall: 'node scripts/install.js',
34 silly install resolved        test: 'node test/index.js' },
34 silly install resolved     files: [ 'lib', 'bin', 'scripts', 'index.js' ],
34 silly install resolved     author: { name: 'Kyle Robinson Young' },
34 silly install resolved     license: 'MIT',
34 silly install resolved     dependencies:
34 silly install resolved      { decompress: '^2.2.1',
34 silly install resolved        download: '^3.3.0',
34 silly install resolved        'file-exists': '^0.1.1',
34 silly install resolved        merge: '^1.2.0',
34 silly install resolved        multimeter: '^0.1.1',
34 silly install resolved        rimraf: '^2.2.8',
34 silly install resolved        semver: '^4.3.0',
34 silly install resolved        yargs: '^3.2.1',
34 silly install resolved        chalk: '~1.0.0' },
34 silly install resolved     devDependencies: { request: '^2.53.0', tape: '^3.5.0' },
34 silly install resolved     keywords:
34 silly install resolved      [ 'nw',
34 silly install resolved        'nw.js',
34 silly install resolved        'nwjs',
34 silly install resolved        'chromium',
34 silly install resolved        'io.js',
34 silly install resolved        'node-webkit',
34 silly install resolved        'webkit',
34 silly install resolved        'installer',
34 silly install resolved        'desktop',
34 silly install resolved        'application' ],
34 silly install resolved     gitHead: '064944f4734b6d629fffc55ad9a5bbca512eeae7',
34 silly install resolved     bugs: { url: 'https://github.com/nwjs/npm-installer/issues' },
34 silly install resolved     homepage: 'https://github.com/nwjs/npm-installer#readme',
34 silly install resolved     _id: 'nw@0.12.3',
34 silly install resolved     _shasum: 'a06f348bfec0b43484492627605b18eed618703e',
34 silly install resolved     _from: 'nw@*',
34 silly install resolved     _npmVersion: '2.12.1',
34 silly install resolved     _nodeVersion: '2.3.4',
34 silly install resolved     _npmUser: { name: 'shama', email: 'kyle@dontkry.com' },
34 silly install resolved     maintainers: [ [Object], [Object] ],
34 silly install resolved     dist:
34 silly install resolved      { shasum: 'a06f348bfec0b43484492627605b18eed618703e',
34 silly install resolved        tarball: 'http://registry.npmjs.org/nw/-/nw-0.12.3.tgz' },
34 silly install resolved     directories: {},
34 silly install resolved     _resolved: 'https://registry.npmjs.org/nw/-/nw-0.12.3.tgz',
34 silly install resolved     readme: 'ERROR: No README data found!' } ]
35 info install nw@0.12.3 into /usr/local/lib
36 info installOne nw@0.12.3
37 verbose installOne of nw to /usr/local/lib not in flight; installing
38 verbose lock using /Users/overkazaf/.npm/_locks/nw-3d3025e27bc7c533.lock for /usr/local/lib/node_modules/nw
39 silly install write writing nw 0.12.3 to /usr/local/lib/node_modules/nw
40 verbose unbuild lib/node_modules/nw
41 silly gentlyRm /usr/local/lib/node_modules/nw is being purged from base /usr/local
42 verbose gentlyRm don't care about contents; nuking /usr/local/lib/node_modules/nw
43 verbose tar unpack /Users/overkazaf/.npm/nw/0.12.3/package.tgz
44 verbose tar unpacking to /usr/local/lib/node_modules/nw
45 silly gentlyRm /usr/local/lib/node_modules/nw is being purged
46 verbose gentlyRm don't care about contents; nuking /usr/local/lib/node_modules/nw
47 silly gunzTarPerm modes [ '755', '644' ]
48 error tar.unpack untar error /Users/overkazaf/.npm/nw/0.12.3/package.tgz
49 verbose unlock done using /Users/overkazaf/.npm/_locks/nw-3d3025e27bc7c533.lock for /usr/local/lib/node_modules/nw
50 verbose fstream_path /usr/local/lib/node_modules/nw
51 verbose fstream_type Directory
52 verbose fstream_class DirWriter
53 verbose stack Error: EACCES, mkdir '/usr/local/lib/node_modules/nw'
53 verbose stack     at Error (native)
54 verbose fstream_stack /usr/local/lib/node_modules/npm/node_modules/fstream/lib/dir-writer.js:35:25
54 verbose fstream_stack /usr/local/lib/node_modules/npm/node_modules/mkdirp/index.js:47:53
54 verbose fstream_stack FSReqWrap.oncomplete (fs.js:95:15)
55 verbose cwd /Users/overkazaf/Desktop/codes/git/nwProjects
56 error Darwin 15.0.0
57 error argv "node" "/usr/local/bin/npm" "install" "-g" "nw"
58 error node v0.12.7
59 error npm  v2.11.3
60 error path /usr/local/lib/node_modules/nw
61 error code EACCES
62 error errno -13
63 error Error: EACCES, mkdir '/usr/local/lib/node_modules/nw'
63 error     at Error (native)
63 error  { [Error: EACCES, mkdir '/usr/local/lib/node_modules/nw']
63 error   errno: -13,
63 error   code: 'EACCES',
63 error   path: '/usr/local/lib/node_modules/nw',
63 error   fstream_type: 'Directory',
63 error   fstream_path: '/usr/local/lib/node_modules/nw',
63 error   fstream_class: 'DirWriter',
63 error   fstream_stack:
63 error    [ '/usr/local/lib/node_modules/npm/node_modules/fstream/lib/dir-writer.js:35:25',
63 error      '/usr/local/lib/node_modules/npm/node_modules/mkdirp/index.js:47:53',
63 error      'FSReqWrap.oncomplete (fs.js:95:15)' ] }
64 error Please try running this command again as root/Administrator.
65 verbose exit [ -13, true ]
66 verbose unbuild lib/node_modules/nw
67 silly gentlyRm /usr/local/lib/node_modules/nw is being purged from base /usr/local
68 verbose gentlyRm don't care about contents; nuking /usr/local/lib/node_modules/nw
